mmap(NULL, 144266, PROT_READ, MAP_PRIVATE, 3, 0) = 0x7f3a83950000
read(3, "\177ELF\2\1\1\3\0\0\0\0\0\0\0\0\3\0>\0\1\0\0\0 E\2\0\0\0\0\0"..., 832) = 832
read(3, "\4\0\0\0\24\0\0\0\3\0\0\0GNU\0\\\356\177\37n\353j\277\243\234Bw0\204\t\254"..., 68) = 68
mmap(NULL, 8192, PROT_READ|PROT_WRITE, MAP_PRIVATE|MAP_ANONYMOUS, -1, 0) = 0x7f3a8394e000
read(3, "\4\0\0\0\24\0\0\0\3\0\0\0GNU\0\\\356\177\37n\353j\277\243\234Bw0\204\t\254"..., 68) = 68
read(3, "\4\0\0\0\20\0\0\0\5\0\0\0GNU\0\2\0\0\300\4\0\0\0\3\0\0\0\0\0\0\0", 32) = 32
mmap(NULL, 1857568, PROT_READ, MAP_PRIVATE|MAP_DENYWRITE, 3, 0) = 0x7f3a83788000
mmap(0x7f3a837aa000, 1363968, PROT_READ|PROT_EXEC, MAP_PRIVATE|MAP_FIXED|MAP_DENYWRITE, 3, 0x22000) = 0x7f3a837aa000
mmap(0x7f3a838f7000, 311296, PROT_READ, MAP_PRIVATE|MAP_FIXED|MAP_DENYWRITE, 3, 0x16f000) = 0x7f3a838f7000
mmap(0x7f3a83944000, 24576, PROT_READ|PROT_WRITE, MAP_PRIVATE|MAP_FIXED|MAP_DENYWRITE, 3, 0x1bb000) = 0x7f3a83944000
mmap(0x7f3a8394a000, 14368, PROT_READ|PROT_WRITE, MAP_PRIVATE|MAP_FIXED|MAP_ANONYMOUS, -1, 0) = 0x7f3a8394a000
read(3, "\n", 1)                        = 1
read(3, "CREATE_SHM", 10)               = 10
read(3, "\253\227G\0", 4)               = 4
read(3, "\10", 1)                       = 1
read(3, "MAP_FILE", 8)                  = 8
read(3, "\30", 1)                       = 1
read(3, "test_root/si8WL3buU4.uRE", 24) = 24
mmap(NULL, 84560, PROT_READ, MAP_PRIVATE, 5, 0) = 0x7f3a8395f000
read(3, "\36", 1)                       = 1
read(3, "READ_FROM_LOGICAL_SPACE_OFFSET", 30) = 30
+++ exited with 0 +++
